{
  "RSpec": {
    "coverage": {
      "/home/ceejayski/my-projects/rails-assesment-test/app/models/player.rb": {
        "lines": [
          null,
          null,
          null,
          null,
          null,
          null,
          null,
          null,
          null,
          null,
          null,
          1,
          null,
          1,
          1,
          1,
          null,
          null,
          1,
          null,
          null,
          5,
          null,
          null,
          null,
          1,
          22,
          null,
          null
        ]
      },
      "/home/ceejayski/my-projects/rails-assesment-test/app/models/application_record.rb": {
        "lines": [
          1,
          1,
          null
        ]
      },
      "/home/ceejayski/my-projects/rails-assesment-test/spec/requests/players_spec.rb": {
        "lines": [
          null,
          null,
          1,
          null,
          null,
          1,
          7,
          13,
          1,
          10,
          null,
          1,
          2,
          null,
          1,
          6,
          null,
          null,
          1,
          1,
          3,
          1,
          1,
          1,
          null,
          1,
          1,
          1,
          1,
          1,
          null,
          null,
          null,
          null,
          null,
          null,
          null,
          null,
          1,
          1,
          1,
          1,
          1,
          null,
          null,
          null,
          1,
          4,
          4,
          null,
          1,
          5,
          5,
          1,
          1,
          1,
          1,
          null,
          1,
          1,
          1,
          null,
          1,
          1,
          1,
          1,
          null,
          null,
          1,
          1,
          1,
          1,
          null,
          null,
          null,
          1,
          1,
          1,
          1,
          null,
          1,
          4,
          null,
          1,
          1,
          1,
          null,
          null,
          null,
          null,
          null,
          null,
          null,
          null,
          1,
          null,
          4,
          6,
          6,
          1,
          3,
          1,
          2,
          1,
          1,
          1,
          1,
          null,
          null,
          null,
          1,
          1,
          1,
          1,
          null,
          null,
          1,
          1,
          1,
          1,
          null,
          null,
          1,
          1,
          1,
          1,
          null,
          1,
          4,
          null,
          1,
          1,
          1,
          null,
          null,
          null,
          null,
          null,
          null,
          null,
          null,
          1,
          1,
          2,
          1,
          1,
          1,
          1,
          null,
          null,
          1,
          2,
          1,
          1,
          1,
          1,
          null,
          null,
          null,
          null,
          null,
          null
        ]
      },
      "/home/ceejayski/my-projects/rails-assesment-test/app/controllers/api/v1/players_controller.rb": {
        "lines": [
          null,
          null,
          1,
          1,
          null,
          1,
          1,
          null,
          null,
          1,
          3,
          3,
          null,
          null,
          null,
          1,
          7,
          7,
          3,
          null,
          4,
          null,
          null,
          null,
          1,
          5,
          3,
          null,
          2,
          null,
          null,
          null,
          1,
          1,
          1,
          null,
          null,
          1,
          null,
          1,
          12,
          null,
          null,
          1,
          8,
          null,
          2,
          null,
          null,
          1,
          null,
          6,
          null,
          null,
          null,
          null,
          null,
          null,
          null
        ]
      },
      "/home/ceejayski/my-projects/rails-assesment-test/app/controllers/application_controller.rb": {
        "lines": [
          1,
          null
        ]
      },
      "/home/ceejayski/my-projects/rails-assesment-test/app/serializers/player_serializer.rb": {
        "lines": [
          null,
          null,
          null,
          1,
          1,
          9,
          null,
          6,
          null,
          null,
          null,
          null,
          3,
          null,
          null,
          1,
          null,
          20,
          null,
          null,
          null,
          null,
          null,
          null,
          null,
          1,
          3,
          14,
          null,
          null,
          3,
          null,
          null,
          3,
          null,
          null,
          null,
          null,
          null,
          null,
          null,
          1,
          3,
          null,
          null
        ]
      }
    },
    "timestamp": 1653648916
  }
}
